<?xml version="1.0" encoding="UTF-8"?>
<!-- Generated by org.testng.reporters.JUnitXMLReporter -->
<testsuite ignored="0" hostname="CSE1605378" failures="0" tests="4" name=" Different activities on rediffwebsite" time="38.586" errors="0" timestamp="2020-10-30T11:03:52 IST">
  <testcase classname="createidTest.CreateIdTest" name="createIdTest" time="0.792"/>
  <testcase classname="createidTest.CreateIdTest" name="createIdTest" time="0.59"/>
  <testcase classname="createidTest.CreateIdTest" name="createIdTest" time="0.616"/>
  <testcase classname="createidTest.CreateIdTest" name="createIdTest" time="0.589"/>
</testsuite> <!--  Different activities on rediffwebsite -->
