<?xml version="1.0" encoding="UTF-8"?>
<!-- Generated by org.testng.reporters.JUnitXMLReporter -->
<testsuite ignored="0" hostname="CSE1605378" failures="0" tests="4" name=" Different activities on rediffwebsite" time="37.412" errors="0" timestamp="2020-10-30T10:28:55 IST">
  <testcase classname="createidTest.CreateIdTest" name="createIdTest" time="0.997"/>
  <testcase classname="createidTest.CreateIdTest" name="createIdTest" time="0.499"/>
  <testcase classname="createidTest.CreateIdTest" name="createIdTest" time="0.508"/>
  <testcase classname="createidTest.CreateIdTest" name="createIdTest" time="0.513"/>
</testsuite> <!--  Different activities on rediffwebsite -->
