<?xml version="1.0" encoding="UTF-8"?>
<!-- Generated by org.testng.reporters.JUnitXMLReporter -->
<testsuite ignored="0" hostname="CSE1605378" failures="0" tests="4" name="Default test" time="42.369" errors="0" timestamp="2020-10-09T13:40:01 IST">
  <testcase classname="createidTest.CreateIdTest" name="createIdTest" time="1.254"/>
  <testcase classname="createidTest.CreateIdTest" name="createIdTest" time="0.937"/>
  <testcase classname="createidTest.CreateIdTest" name="createIdTest" time="0.868"/>
  <testcase classname="createidTest.CreateIdTest" name="createIdTest" time="0.911"/>
</testsuite> <!-- Default test -->
