<?xml version="1.0" encoding="UTF-8"?>
<testng-results ignored="0" total="4" passed="4" failed="0" skipped="0">
  <reporter-output>
  </reporter-output>
  <suite started-at="2020-10-30T07:52:31 IST" name=" rediff automation Suite" finished-at="2020-10-30T07:53:10 IST" duration-ms="39467">
    <groups>
    </groups>
    <test started-at="2020-10-30T07:52:31 IST" name=" Different activities on rediffwebsite" finished-at="2020-10-30T07:53:10 IST" duration-ms="39467">
      <class name="createidTest.CreateIdTest">
        <test-method is-config="true" signature="setUp()[pri:0, instance:createidTest.CreateIdTest@e350b40]" started-at="2020-10-30T07:52:32 IST" name="setUp" finished-at="2020-10-30T07:52:46 IST" duration-ms="14107" status="PASS">
          <reporter-output>
          </reporter-output>
        </test-method> <!-- setUp -->
        <test-method signature="createIdTest(java.lang.String, java.lang.String, java.lang.String, java.lang.String, java.lang.String)[pri:0, instance:createidTest.CreateIdTest@e350b40]" started-at="2020-10-30T07:52:46 IST" name="createIdTest" data-provider="getTestData" finished-at="2020-10-30T07:52:47 IST" duration-ms="670" status="PASS">
          <params>
            <param index="0">
              <value>
                <![CDATA[]]>
              </value>
            </param>
            <param index="1">
              <value>
                <![CDATA[abc@gmail.com]]>
              </value>
            </param>
            <param index="2">
              <value>
                <![CDATA[Prakhar@1234]]>
              </value>
            </param>
            <param index="3">
              <value>
                <![CDATA[bcd@gmail.com]]>
              </value>
            </param>
            <param index="4">
              <value>
                <![CDATA[8.338879212E9]]>
              </value>
            </param>
          </params>
          <reporter-output>
          </reporter-output>
        </test-method> <!-- createIdTest -->
        <test-method is-config="true" signature="tearDown()[pri:0, instance:createidTest.CreateIdTest@e350b40]" started-at="2020-10-30T07:52:47 IST" name="tearDown" finished-at="2020-10-30T07:52:48 IST" duration-ms="954" status="PASS">
          <reporter-output>
          </reporter-output>
        </test-method> <!-- tearDown -->
        <test-method is-config="true" signature="setUp()[pri:0, instance:createidTest.CreateIdTest@e350b40]" started-at="2020-10-30T07:52:48 IST" name="setUp" finished-at="2020-10-30T07:52:54 IST" duration-ms="6027" status="PASS">
          <reporter-output>
          </reporter-output>
        </test-method> <!-- setUp -->
        <test-method signature="createIdTest(java.lang.String, java.lang.String, java.lang.String, java.lang.String, java.lang.String)[pri:0, instance:createidTest.CreateIdTest@e350b40]" started-at="2020-10-30T07:52:54 IST" name="createIdTest" data-provider="getTestData" finished-at="2020-10-30T07:52:54 IST" duration-ms="497" status="PASS">
          <params>
            <param index="0">
              <value>
                <![CDATA[]]>
              </value>
            </param>
            <param index="1">
              <value>
                <![CDATA[bce@gmail.com]]>
              </value>
            </param>
            <param index="2">
              <value>
                <![CDATA[Hritik@1234]]>
              </value>
            </param>
            <param index="3">
              <value>
                <![CDATA[hks@gmail.com]]>
              </value>
            </param>
            <param index="4">
              <value>
                <![CDATA[7.08898918E8]]>
              </value>
            </param>
          </params>
          <reporter-output>
          </reporter-output>
        </test-method> <!-- createIdTest -->
        <test-method is-config="true" signature="tearDown()[pri:0, instance:createidTest.CreateIdTest@e350b40]" started-at="2020-10-30T07:52:54 IST" name="tearDown" finished-at="2020-10-30T07:52:55 IST" duration-ms="734" status="PASS">
          <reporter-output>
          </reporter-output>
        </test-method> <!-- tearDown -->
        <test-method is-config="true" signature="setUp()[pri:0, instance:createidTest.CreateIdTest@e350b40]" started-at="2020-10-30T07:52:55 IST" name="setUp" finished-at="2020-10-30T07:53:01 IST" duration-ms="6271" status="PASS">
          <reporter-output>
          </reporter-output>
        </test-method> <!-- setUp -->
        <test-method signature="createIdTest(java.lang.String, java.lang.String, java.lang.String, java.lang.String, java.lang.String)[pri:0, instance:createidTest.CreateIdTest@e350b40]" started-at="2020-10-30T07:53:01 IST" name="createIdTest" data-provider="getTestData" finished-at="2020-10-30T07:53:02 IST" duration-ms="738" status="PASS">
          <params>
            <param index="0">
              <value>
                <![CDATA[]]>
              </value>
            </param>
            <param index="1">
              <value>
                <![CDATA[ps@gmail.com]]>
              </value>
            </param>
            <param index="2">
              <value>
                <![CDATA[Pranit@1234]]>
              </value>
            </param>
            <param index="3">
              <value>
                <![CDATA[1605379@gmail.com]]>
              </value>
            </param>
            <param index="4">
              <value>
                <![CDATA[9.99999999E8]]>
              </value>
            </param>
          </params>
          <reporter-output>
          </reporter-output>
        </test-method> <!-- createIdTest -->
        <test-method is-config="true" signature="tearDown()[pri:0, instance:createidTest.CreateIdTest@e350b40]" started-at="2020-10-30T07:53:02 IST" name="tearDown" finished-at="2020-10-30T07:53:03 IST" duration-ms="753" status="PASS">
          <reporter-output>
          </reporter-output>
        </test-method> <!-- tearDown -->
        <test-method is-config="true" signature="setUp()[pri:0, instance:createidTest.CreateIdTest@e350b40]" started-at="2020-10-30T07:53:03 IST" name="setUp" finished-at="2020-10-30T07:53:09 IST" duration-ms="6073" status="PASS">
          <reporter-output>
          </reporter-output>
        </test-method> <!-- setUp -->
        <test-method signature="createIdTest(java.lang.String, java.lang.String, java.lang.String, java.lang.String, java.lang.String)[pri:0, instance:createidTest.CreateIdTest@e350b40]" started-at="2020-10-30T07:53:09 IST" name="createIdTest" data-provider="getTestData" finished-at="2020-10-30T07:53:09 IST" duration-ms="545" status="PASS">
          <params>
            <param index="0">
              <value>
                <![CDATA[]]>
              </value>
            </param>
            <param index="1">
              <value>
                <![CDATA[ar@gmail.com]]>
              </value>
            </param>
            <param index="2">
              <value>
                <![CDATA[Anubhav@1234]]>
              </value>
            </param>
            <param index="3">
              <value>
                <![CDATA[abcd@gmail.com]]>
              </value>
            </param>
            <param index="4">
              <value>
                <![CDATA[8.88888888E8]]>
              </value>
            </param>
          </params>
          <reporter-output>
          </reporter-output>
        </test-method> <!-- createIdTest -->
        <test-method is-config="true" signature="tearDown()[pri:0, instance:createidTest.CreateIdTest@e350b40]" started-at="2020-10-30T07:53:09 IST" name="tearDown" finished-at="2020-10-30T07:53:10 IST" duration-ms="792" status="PASS">
          <reporter-output>
          </reporter-output>
        </test-method> <!-- tearDown -->
      </class> <!-- createidTest.CreateIdTest -->
    </test> <!--  Different activities on rediffwebsite -->
  </suite> <!--  rediff automation Suite -->
</testng-results>
