<?xml version="1.0" encoding="UTF-8"?>
<testng-results ignored="0" total="4" passed="4" failed="0" skipped="0">
  <reporter-output>
  </reporter-output>
  <suite started-at="2020-10-09T13:39:19 IST" name="Default suite" finished-at="2020-10-09T13:40:01 IST" duration-ms="42369">
    <groups>
    </groups>
    <test started-at="2020-10-09T13:39:19 IST" name="Default test" finished-at="2020-10-09T13:40:01 IST" duration-ms="42369">
      <class name="createidTest.CreateIdTest">
        <test-method is-config="true" signature="setUp()[pri:0, instance:createidTest.CreateIdTest@51e5fc98]" started-at="2020-10-09T13:39:22 IST" name="setUp" finished-at="2020-10-09T13:39:32 IST" duration-ms="10872" status="PASS">
          <reporter-output>
          </reporter-output>
        </test-method> <!-- setUp -->
        <test-method signature="createIdTest(java.lang.String, java.lang.String, java.lang.String, java.lang.String, java.lang.String)[pri:0, instance:createidTest.CreateIdTest@51e5fc98]" started-at="2020-10-09T13:39:32 IST" name="createIdTest" data-provider="getTestData" finished-at="2020-10-09T13:39:34 IST" duration-ms="1254" status="PASS">
          <params>
            <param index="0">
              <value>
                <![CDATA[]]>
              </value>
            </param>
            <param index="1">
              <value>
                <![CDATA[abc@gmail.com]]>
              </value>
            </param>
            <param index="2">
              <value>
                <![CDATA[Prakhar@1234]]>
              </value>
            </param>
            <param index="3">
              <value>
                <![CDATA[bcd@gmail.com]]>
              </value>
            </param>
            <param index="4">
              <value>
                <![CDATA[8.338879212E9]]>
              </value>
            </param>
          </params>
          <reporter-output>
          </reporter-output>
        </test-method> <!-- createIdTest -->
        <test-method is-config="true" signature="tearDown()[pri:0, instance:createidTest.CreateIdTest@51e5fc98]" started-at="2020-10-09T13:39:34 IST" name="tearDown" finished-at="2020-10-09T13:39:35 IST" duration-ms="918" status="PASS">
          <reporter-output>
          </reporter-output>
        </test-method> <!-- tearDown -->
        <test-method is-config="true" signature="setUp()[pri:0, instance:createidTest.CreateIdTest@51e5fc98]" started-at="2020-10-09T13:39:35 IST" name="setUp" finished-at="2020-10-09T13:39:42 IST" duration-ms="7377" status="PASS">
          <reporter-output>
          </reporter-output>
        </test-method> <!-- setUp -->
        <test-method signature="createIdTest(java.lang.String, java.lang.String, java.lang.String, java.lang.String, java.lang.String)[pri:0, instance:createidTest.CreateIdTest@51e5fc98]" started-at="2020-10-09T13:39:42 IST" name="createIdTest" data-provider="getTestData" finished-at="2020-10-09T13:39:43 IST" duration-ms="937" status="PASS">
          <params>
            <param index="0">
              <value>
                <![CDATA[]]>
              </value>
            </param>
            <param index="1">
              <value>
                <![CDATA[bce@gmail.com]]>
              </value>
            </param>
            <param index="2">
              <value>
                <![CDATA[Hritik@1234]]>
              </value>
            </param>
            <param index="3">
              <value>
                <![CDATA[hks@gmail.com]]>
              </value>
            </param>
            <param index="4">
              <value>
                <![CDATA[7.08898918E8]]>
              </value>
            </param>
          </params>
          <reporter-output>
          </reporter-output>
        </test-method> <!-- createIdTest -->
        <test-method is-config="true" signature="tearDown()[pri:0, instance:createidTest.CreateIdTest@51e5fc98]" started-at="2020-10-09T13:39:43 IST" name="tearDown" finished-at="2020-10-09T13:39:44 IST" duration-ms="825" status="PASS">
          <reporter-output>
          </reporter-output>
        </test-method> <!-- tearDown -->
        <test-method is-config="true" signature="setUp()[pri:0, instance:createidTest.CreateIdTest@51e5fc98]" started-at="2020-10-09T13:39:44 IST" name="setUp" finished-at="2020-10-09T13:39:51 IST" duration-ms="7312" status="PASS">
          <reporter-output>
          </reporter-output>
        </test-method> <!-- setUp -->
        <test-method signature="createIdTest(java.lang.String, java.lang.String, java.lang.String, java.lang.String, java.lang.String)[pri:0, instance:createidTest.CreateIdTest@51e5fc98]" started-at="2020-10-09T13:39:51 IST" name="createIdTest" data-provider="getTestData" finished-at="2020-10-09T13:39:52 IST" duration-ms="868" status="PASS">
          <params>
            <param index="0">
              <value>
                <![CDATA[]]>
              </value>
            </param>
            <param index="1">
              <value>
                <![CDATA[ps@gmail.com]]>
              </value>
            </param>
            <param index="2">
              <value>
                <![CDATA[Pranit@1234]]>
              </value>
            </param>
            <param index="3">
              <value>
                <![CDATA[1605379@gmail.com]]>
              </value>
            </param>
            <param index="4">
              <value>
                <![CDATA[9.99999999E8]]>
              </value>
            </param>
          </params>
          <reporter-output>
          </reporter-output>
        </test-method> <!-- createIdTest -->
        <test-method is-config="true" signature="tearDown()[pri:0, instance:createidTest.CreateIdTest@51e5fc98]" started-at="2020-10-09T13:39:52 IST" name="tearDown" finished-at="2020-10-09T13:39:53 IST" duration-ms="889" status="PASS">
          <reporter-output>
          </reporter-output>
        </test-method> <!-- tearDown -->
        <test-method is-config="true" signature="setUp()[pri:0, instance:createidTest.CreateIdTest@51e5fc98]" started-at="2020-10-09T13:39:53 IST" name="setUp" finished-at="2020-10-09T13:39:59 IST" duration-ms="6370" status="PASS">
          <reporter-output>
          </reporter-output>
        </test-method> <!-- setUp -->
        <test-method signature="createIdTest(java.lang.String, java.lang.String, java.lang.String, java.lang.String, java.lang.String)[pri:0, instance:createidTest.CreateIdTest@51e5fc98]" started-at="2020-10-09T13:39:59 IST" name="createIdTest" data-provider="getTestData" finished-at="2020-10-09T13:40:00 IST" duration-ms="911" status="PASS">
          <params>
            <param index="0">
              <value>
                <![CDATA[]]>
              </value>
            </param>
            <param index="1">
              <value>
                <![CDATA[ar@gmail.com]]>
              </value>
            </param>
            <param index="2">
              <value>
                <![CDATA[Anubhav@1234]]>
              </value>
            </param>
            <param index="3">
              <value>
                <![CDATA[abcd@gmail.com]]>
              </value>
            </param>
            <param index="4">
              <value>
                <![CDATA[8.88888888E8]]>
              </value>
            </param>
          </params>
          <reporter-output>
          </reporter-output>
        </test-method> <!-- createIdTest -->
        <test-method is-config="true" signature="tearDown()[pri:0, instance:createidTest.CreateIdTest@51e5fc98]" started-at="2020-10-09T13:40:00 IST" name="tearDown" finished-at="2020-10-09T13:40:01 IST" duration-ms="885" status="PASS">
          <reporter-output>
          </reporter-output>
        </test-method> <!-- tearDown -->
      </class> <!-- createidTest.CreateIdTest -->
    </test> <!-- Default test -->
  </suite> <!-- Default suite -->
</testng-results>
